<?xml version="1.0" encoding="UTF-8"?>
<testsuite xmlns:xsi="http://www.w3.org/2001/XMLSchema-instance" xsi:noNamespaceSchemaLocation="https://maven.apache.org/surefire/maven-surefire-plugin/xsd/surefire-test-report-3.0.xsd" version="3.0" name="com.example.shopBackend.review.ReviewServiceTest" time="0.174" tests="39" errors="0" skipped="0" failures="0">
  <properties>
[...]
</properties>
  <testcase name="GetAllReviewsForAccountWorksWithAsc" classname="com.example.shopBackend.review.ReviewServiceTest" time="0.002"/>
  <testcase name="getReviewsWithSearchForItemWorksWithDesc" classname="com.example.shopBackend.review.ReviewServiceTest" time="0.001"/>
  <testcase name="GetAllReviewsForItemThrowsErrorWithBadSortDir" classname="com.example.shopBackend.review.ReviewServiceTest" time="0.001"/>
  <testcase name="getChartForAccountThrowsErrorWithNotMatchingAccount" classname="com.example.shopBackend.review.ReviewServiceTest" time="0.001"/>
  <testcase name="getReviewsWithSearchForItemThrowsErrorWithBadSort" classname="com.example.shopBackend.review.ReviewServiceTest" time="0.001"/>
  <testcase name="getChartForAccountWorksWithMonth" classname="com.example.shopBackend.review.ReviewServiceTest" time="0.001"/>
  <testcase name="getReviewsWithSearchForItemWorksWithAsc" classname="com.example.shopBackend.review.ReviewServiceTest" time="0.002"/>
  <testcase name="getReviewsWithSearchForItemThrowsErrorWithNotMatchingAccountId" classname="com.example.shopBackend.review.ReviewServiceTest" time="0.001"/>
  <testcase name="GetAllReviewsForAccountThrowsErrorWithNotMatchingAccountId" classname="com.example.shopBackend.review.ReviewServiceTest" time="0.001"/>
  <testcase name="addReviewThrowsErrorWithBadAccountId" classname="com.example.shopBackend.review.ReviewServiceTest" time="0.002"/>
  <testcase name="GetAllReviewsForAccountThrowsErrorWithBadSortDir" classname="com.example.shopBackend.review.ReviewServiceTest" time="0.001"/>
  <testcase name="addReviewThrowsErrorWhenRatingFails" classname="com.example.shopBackend.review.ReviewServiceTest" time="0.002"/>
  <testcase name="addReviewThrowsErrorWithTooLargeRating" classname="com.example.shopBackend.review.ReviewServiceTest" time="0.002"/>
  <testcase name="getChartForItemWorksWithMonth" classname="com.example.shopBackend.review.ReviewServiceTest" time="0.001"/>
  <testcase name="getChartForItemThrowsErrorWithNotMatchingAccount" classname="com.example.shopBackend.review.ReviewServiceTest" time="0.002"/>
  <testcase name="GetAllReviewsForItemThrowsErrorWithNegativePage" classname="com.example.shopBackend.review.ReviewServiceTest" time="0.002"/>
  <testcase name="addReviewThrowsErrorWhenInputEmpty" classname="com.example.shopBackend.review.ReviewServiceTest" time="0.001"/>
  <testcase name="getReviewsWithSearchForItemThrowsErrorWithNegativePage" classname="com.example.shopBackend.review.ReviewServiceTest" time="0.001"/>
  <testcase name="GetAllReviewsForAccountWorksWithDesc" classname="com.example.shopBackend.review.ReviewServiceTest" time="0.001"/>
  <testcase name="addReviewThrowsErrorWithBadDislikes" classname="com.example.shopBackend.review.ReviewServiceTest" time="0.001"/>
  <testcase name="addReviewThrowsErrorWithTooSmallRating" classname="com.example.shopBackend.review.ReviewServiceTest" time="0.001"/>
  <testcase name="addReviewThrowsErrorWhenTopWords" classname="com.example.shopBackend.review.ReviewServiceTest" time="0.003"/>
  <testcase name="addReviewThrowsErrorWithBadItemId" classname="com.example.shopBackend.review.ReviewServiceTest" time="0.001"/>
  <testcase name="GetAllReviewsForAccountThrowsErrorWithBadSort" classname="com.example.shopBackend.review.ReviewServiceTest" time="0.002"/>
  <testcase name="getChartForItemWorksWithWeek" classname="com.example.shopBackend.review.ReviewServiceTest" time="0.001"/>
  <testcase name="GetAllReviewsForItemThrowsErrorWithNotMatchingAccountId" classname="com.example.shopBackend.review.ReviewServiceTest" time="0.001"/>
  <testcase name="addReviewThrowsErrorWithBadLikes" classname="com.example.shopBackend.review.ReviewServiceTest" time="0.002"/>
  <testcase name="getReviewsWithSearchForItemThrowsErrorWithBadSortDir" classname="com.example.shopBackend.review.ReviewServiceTest" time="0.001"/>
  <testcase name="deleteReviewsThrowsErrorWithNoMatchingReview" classname="com.example.shopBackend.review.ReviewServiceTest" time="0.002"/>
  <testcase name="GetAllReviewsForItemWorksWithDesc" classname="com.example.shopBackend.review.ReviewServiceTest" time="0.001"/>
  <testcase name="getChartForAccountWorksWithWeek" classname="com.example.shopBackend.review.ReviewServiceTest" time="0.001"/>
  <testcase name="GetAllReviewsForAccountThrowsErrorWithNegativePage" classname="com.example.shopBackend.review.ReviewServiceTest" time="0.001"/>
  <testcase name="GetAllReviewsForItemWorksWithAsc" classname="com.example.shopBackend.review.ReviewServiceTest" time="0.001"/>
  <testcase name="getChartForItemThrowsErrorWithBadTime" classname="com.example.shopBackend.review.ReviewServiceTest" time="0.001"/>
  <testcase name="deleteReviewWorks" classname="com.example.shopBackend.review.ReviewServiceTest" time="0.001"/>
  <testcase name="GetAllReviewsForItemThrowsErrorWithBadSort" classname="com.example.shopBackend.review.ReviewServiceTest" time="0.002"/>
  <testcase name="getChartForAccountThrowsErrorWithBadTime" classname="com.example.shopBackend.review.ReviewServiceTest" time="0.002"/>
  <testcase name="addReviewWorks" classname="com.example.shopBackend.review.ReviewServiceTest" time="0.019"/>
  <testcase name="addReviewThrowsErrorWithDifferentItemIds" classname="com.example.shopBackend.review.ReviewServiceTest" time="0.001"/>
</testsuite>